# JRE version: Java(TM) SE Runtime Environment (25.0.2+10) (build 25.0.2+10-LTS-69)
# Java VM: Java HotSpot(TM) 64-Bit Server VM (25.0.2+10-LTS-69, mixed mode, sharing, tiered, compressed oops, compressed class ptrs, parallel gc, windows-amd64)
GC Precious Log:
 CardTable entry size: 512
 CPUs: 12 total, 12 available
 Memory: 20123M
 Large Page Support: Disabled
 NUMA Support: Disabled
 Compressed Oops: Enabled (32-bit)
 Alignments: Space 512K, Generation 512K, Heap 2M
 Heap Min Capacity: 100M
 Heap Initial Capacity: 100M
 Heap Max Capacity: 2G
 Pre-touch: Disabled
 Parallel Workers: 10
Heap:
 PSYoungGen      total 34816K, used 869K [0x00000000d5580000, 0x00000000d7a80000, 0x0000000100000000)
  eden space 34304K, 1% used [0x00000000d5580000,0x00000000d5601678,0x00000000d7700000)
  from space 512K, 68% used [0x00000000d7a00000,0x00000000d7a58000,0x00000000d7a80000)
  to   space 1024K, 0% used [0x00000000d7880000,0x00000000d7880000,0x00000000d7980000)
 ParOldGen       total 135168K, used 134865K [0x0000000080000000, 0x0000000088400000, 0x00000000d5580000)
  object space 135168K, 99% used [0x0000000080000000,0x00000000883b4528,0x0000000088400000)
GC Heap Usage History (20 events):
Event: 4675.396 {heap Before GC invocations=120 (full 3):
 PSYoungGen      total 32768K, used 32544K [0x00000000d5580000, 0x00000000d7c80000, 0x0000000100000000)
  eden space 32256K, 100% used [0x00000000d5580000,0x00000000d7500000,0x00000000d7500000)
  from space 512K, 56% used [0x00000000d7c00000,0x00000000d7c48000,0x00000000d7c80000)
  to   space 1024K, 0% used [0x00000000d7a80000,0x00000000d7a80000,0x00000000d7b80000)
 ParOldGen       total 125440K, used 125328K [0x0000000080000000, 0x0000000087a80000, 0x00000000d5580Event: 4675.399 {heap After GC invocations=120 (full 3):
 PSYoungGen      total 32768K, used 1016K [0x00000000d5580000, 0x00000000d7c80000, 0x0000000100000000)
  eden space 31744K, 0% used [0x00000000d5580000,0x00000000d5580000,0x00000000d7480000)
  from space 1024K, 99% used [0x00000000d7a80000,0x00000000d7b7e268,0x00000000d7b80000)
  to   space 1024K, 0% used [0x00000000d7b80000,0x00000000d7b80000,0x00000000d7c80000)
 ParOldGen       total 127488K, used 127052K [0x0000000080000000, 0x0000000087c80000, 0x00000000d5580000Event: 4676.836 {heap Before GC invocations=121 (full 3):
 PSYoungGen      total 32768K, used 32760K [0x00000000d5580000, 0x00000000d7c80000, 0x0000000100000000)
  eden space 31744K, 99% used [0x00000000d5580000,0x00000000d747fff0,0x00000000d7480000)
  from space 1024K, 99% used [0x00000000d7a80000,0x00000000d7b7e268,0x00000000d7b80000)
  to   space 1024K, 0% used [0x00000000d7b80000,0x00000000d7b80000,0x00000000d7c80000)
 ParOldGen       total 127488K, used 127052K [0x0000000080000000, 0x0000000087c80000, 0x00000000d5580Event: 4676.839 {heap After GC invocations=121 (full 3):
 PSYoungGen      total 32256K, used 1001K [0x00000000d5580000, 0x00000000d7c80000, 0x0000000100000000)
  eden space 31232K, 0% used [0x00000000d5580000,0x00000000d5580000,0x00000000d7400000)
  from space 1024K, 97% used [0x00000000d7b80000,0x00000000d7c7a708,0x00000000d7c80000)
  to   space 3072K, 0% used [0x00000000d7680000,0x00000000d7680000,0x00000000d7980000)
 ParOldGen       total 129024K, used 128698K [0x0000000080000000, 0x0000000087e00000, 0x00000000d5580000Event: 4678.339 {heap Before GC invocations=122 (full 3):
 PSYoungGen      total 32256K, used 32233K [0x00000000d5580000, 0x00000000d7c80000, 0x0000000100000000)
  eden space 31232K, 100% used [0x00000000d5580000,0x00000000d7400000,0x00000000d7400000)
  from space 1024K, 97% used [0x00000000d7b80000,0x00000000d7c7a708,0x00000000d7c80000)
  to   space 3072K, 0% used [0x00000000d7680000,0x00000000d7680000,0x00000000d7980000)
 ParOldGen       total 129024K, used 128698K [0x0000000080000000, 0x0000000087e00000, 0x00000000d558Event: 4678.341 {heap After GC invocations=122 (full 3):
 PSYoungGen      total 36864K, used 480K [0x00000000d5580000, 0x00000000d7c00000, 0x0000000100000000)
  eden space 33792K, 0% used [0x00000000d5580000,0x00000000d5580000,0x00000000d7680000)
  from space 3072K, 15% used [0x00000000d7680000,0x00000000d76f8020,0x00000000d7980000)
  to   space 1536K, 0% used [0x00000000d7a80000,0x00000000d7a80000,0x00000000d7c00000)
 ParOldGen       total 130048K, used 129616K [0x0000000080000000, 0x0000000087f00000, 0x00000000d5580000)Event: 4696.670 {heap Before GC invocations=123 (full 3):
 PSYoungGen      total 36864K, used 34272K [0x00000000d5580000, 0x00000000d7c00000, 0x0000000100000000)
  eden space 33792K, 100% used [0x00000000d5580000,0x00000000d7680000,0x00000000d7680000)
  from space 3072K, 15% used [0x00000000d7680000,0x00000000d76f8020,0x00000000d7980000)
  to   space 1536K, 0% used [0x00000000d7a80000,0x00000000d7a80000,0x00000000d7c00000)
 ParOldGen       total 130048K, used 129616K [0x0000000080000000, 0x0000000087f00000, 0x00000000d558Event: 4696.671 {heap After GC invocations=123 (full 3):
 PSYoungGen      total 34304K, used 544K [0x00000000d5580000, 0x00000000d7b80000, 0x0000000100000000)
  eden space 33280K, 0% used [0x00000000d5580000,0x00000000d5580000,0x00000000d7600000)
  from space 1024K, 53% used [0x00000000d7a80000,0x00000000d7b08040,0x00000000d7b80000)
  to   space 1024K, 0% used [0x00000000d7980000,0x00000000d7980000,0x00000000d7a80000)
 ParOldGen       total 130048K, used 129742K [0x0000000080000000, 0x0000000087f00000, 0x00000000d5580000)Event: 5032.278 {heap Before GC invocations=124 (full 3):
 PSYoungGen      total 34304K, used 33824K [0x00000000d5580000, 0x00000000d7b80000, 0x0000000100000000)
  eden space 33280K, 100% used [0x00000000d5580000,0x00000000d7600000,0x00000000d7600000)
  from space 1024K, 53% used [0x00000000d7a80000,0x00000000d7b08040,0x00000000d7b80000)
  to   space 1024K, 0% used [0x00000000d7980000,0x00000000d7980000,0x00000000d7a80000)
 ParOldGen       total 130048K, used 129742K [0x0000000080000000, 0x0000000087f00000, 0x00000000d558Event: 5032.285 {heap After GC invocations=124 (full 3):
 PSYoungGen      total 33792K, used 1012K [0x00000000d5580000, 0x00000000d7b00000, 0x0000000100000000)
  eden space 32768K, 0% used [0x00000000d5580000,0x00000000d5580000,0x00000000d7580000)
  from space 1024K, 98% used [0x00000000d7980000,0x00000000d7a7d220,0x00000000d7a80000)
  to   space 512K, 0% used [0x00000000d7a80000,0x00000000d7a80000,0x00000000d7b00000)
 ParOldGen       total 131072K, used 130851K [0x0000000080000000, 0x0000000088000000, 0x00000000d5580000)Event: 5032.451 {heap Before GC invocations=125 (full 3):
 PSYoungGen      total 33792K, used 33780K [0x00000000d5580000, 0x00000000d7b00000, 0x0000000100000000)
  eden space 32768K, 100% used [0x00000000d5580000,0x00000000d7580000,0x00000000d7580000)
  from space 1024K, 98% used [0x00000000d7980000,0x00000000d7a7d220,0x00000000d7a80000)
  to   space 512K, 0% used [0x00000000d7a80000,0x00000000d7a80000,0x00000000d7b00000)
 ParOldGen       total 131072K, used 130851K [0x0000000080000000, 0x0000000088000000, 0x00000000d5580Event: 5032.454 {heap After GC invocations=125 (full 3):
 PSYoungGen      total 32768K, used 500K [0x00000000d5580000, 0x00000000d7b00000, 0x0000000100000000)
  eden space 32256K, 0% used [0x00000000d5580000,0x00000000d5580000,0x00000000d7500000)
  from space 512K, 97% used [0x00000000d7a80000,0x00000000d7afd210,0x00000000d7b00000)
  to   space 2560K, 0% used [0x00000000d7600000,0x00000000d7600000,0x00000000d7880000)
 ParOldGen       total 133120K, used 132725K [0x0000000080000000, 0x0000000088200000, 0x00000000d5580000)
Event: 5032.605 {heap Before GC invocations=126 (full 3):
 PSYoungGen      total 32768K, used 32756K [0x00000000d5580000, 0x00000000d7b00000, 0x0000000100000000)
  eden space 32256K, 100% used [0x00000000d5580000,0x00000000d7500000,0x00000000d7500000)
  from space 512K, 97% used [0x00000000d7a80000,0x00000000d7afd210,0x00000000d7b00000)
  to   space 2560K, 0% used [0x00000000d7600000,0x00000000d7600000,0x00000000d7880000)
 ParOldGen       total 133120K, used 132725K [0x0000000080000000, 0x0000000088200000, 0x00000000d5580Event: 5032.606 {heap After GC invocations=126 (full 3):
 PSYoungGen      total 34304K, used 537K [0x00000000d5580000, 0x00000000d7b00000, 0x0000000100000000)
  eden space 31744K, 0% used [0x00000000d5580000,0x00000000d5580000,0x00000000d7480000)
  from space 2560K, 20% used [0x00000000d7600000,0x00000000d7686410,0x00000000d7880000)
  to   space 1536K, 0% used [0x00000000d7980000,0x00000000d7980000,0x00000000d7b00000)
 ParOldGen       total 133120K, used 133106K [0x0000000080000000, 0x0000000088200000, 0x00000000d5580000)Event: 5071.280 {heap Before GC invocations=127 (full 3):
 PSYoungGen      total 34304K, used 32281K [0x00000000d5580000, 0x00000000d7b00000, 0x0000000100000000)
  eden space 31744K, 100% used [0x00000000d5580000,0x00000000d7480000,0x00000000d7480000)
  from space 2560K, 20% used [0x00000000d7600000,0x00000000d7686410,0x00000000d7880000)
  to   space 1536K, 0% used [0x00000000d7980000,0x00000000d7980000,0x00000000d7b00000)
 ParOldGen       total 133120K, used 133106K [0x0000000080000000, 0x0000000088200000, 0x00000000d558Event: 5071.281 {heap After GC invocations=127 (full 3):
 PSYoungGen      total 36864K, used 576K [0x00000000d5580000, 0x00000000d7a80000, 0x0000000100000000)
  eden space 35840K, 0% used [0x00000000d5580000,0x00000000d5580000,0x00000000d7880000)
  from space 1024K, 56% used [0x00000000d7980000,0x00000000d7a10020,0x00000000d7a80000)
  to   space 1024K, 0% used [0x00000000d7880000,0x00000000d7880000,0x00000000d7980000)
 ParOldGen       total 133632K, used 133234K [0x0000000080000000, 0x0000000088280000, 0x00000000d5580000)Event: 5104.304 {heap Before GC invocations=128 (full 3):
 PSYoungGen      total 36864K, used 36416K [0x00000000d5580000, 0x00000000d7a80000, 0x0000000100000000)
  eden space 35840K, 100% used [0x00000000d5580000,0x00000000d7880000,0x00000000d7880000)
  from space 1024K, 56% used [0x00000000d7980000,0x00000000d7a10020,0x00000000d7a80000)
  to   space 1024K, 0% used [0x00000000d7880000,0x00000000d7880000,0x00000000d7980000)
 ParOldGen       total 133632K, used 133234K [0x0000000080000000, 0x0000000088280000, 0x00000000d558Event: 5104.306 {heap After GC invocations=128 (full 3):
 PSYoungGen      total 35840K, used 1004K [0x00000000d5580000, 0x00000000d7c80000, 0x0000000100000000)
  eden space 34816K, 0% used [0x00000000d5580000,0x00000000d5580000,0x00000000d7780000)
  from space 1024K, 98% used [0x00000000d7880000,0x00000000d797b278,0x00000000d7980000)
  to   space 2560K, 0% used [0x00000000d7a00000,0x00000000d7a00000,0x00000000d7c80000)
 ParOldGen       total 134144K, used 134114K [0x0000000080000000, 0x0000000088300000, 0x00000000d5580000Event: 12717.060 {heap Before GC invocations=129 (full 3):
 PSYoungGen      total 35840K, used 35820K [0x00000000d5580000, 0x00000000d7c80000, 0x0000000100000000)
  eden space 34816K, 100% used [0x00000000d5580000,0x00000000d7780000,0x00000000d7780000)
  from space 1024K, 98% used [0x00000000d7880000,0x00000000d797b278,0x00000000d7980000)
  to   space 2560K, 0% used [0x00000000d7a00000,0x00000000d7a00000,0x00000000d7c80000)
 ParOldGen       total 134144K, used 134114K [0x0000000080000000, 0x0000000088300000, 0x00000000d558Event: 12717.149 {heap After GC invocations=129 (full 3):
 PSYoungGen      total 34816K, used 352K [0x00000000d5580000, 0x00000000d7a80000, 0x0000000100000000)
  eden space 34304K, 0% used [0x00000000d5580000,0x00000000d5580000,0x00000000d7700000)
  from space 512K, 68% used [0x00000000d7a00000,0x00000000d7a58000,0x00000000d7a80000)
  to   space 1024K, 0% used [0x00000000d7880000,0x00000000d7880000,0x00000000d7980000)
 ParOldGen       total 135168K, used 134865K [0x0000000080000000, 0x0000000088400000, 0x00000000d5580000)

